0 info it worked if it ends with ok
1 verbose cli [ '/usr/bin/nodejs', '/usr/bin/npm', 'run', 'dev' ]
2 info using npm@3.5.2
3 info using node@v4.2.6
4 verbose run-script [ 'predev', 'dev', 'postdev' ]
5 info lifecycle sql2mongodb@1.0.0~predev: sql2mongodb@1.0.0
6 silly lifecycle sql2mongodb@1.0.0~predev: no script for predev, continuing
7 info lifecycle sql2mongodb@1.0.0~dev: sql2mongodb@1.0.0
8 verbose lifecycle sql2mongodb@1.0.0~dev: unsafe-perm in lifecycle true
9 verbose lifecycle sql2mongodb@1.0.0~dev: PATH: /usr/share/npm/bin/node-gyp-bin:/root/sql2mongodb-api/node_modules/.bin:/usr/local/sbin:/usr/local/bin:/usr/sbin:/usr/bin:/sbin:/bin:/usr/games:/usr/local/games:/snap/bin
10 verbose lifecycle sql2mongodb@1.0.0~dev: CWD: /root/sql2mongodb-api
11 silly lifecycle sql2mongodb@1.0.0~dev: Args: [ '-c', 'nodemon --exec babel-node src/app.js' ]
12 info lifecycle sql2mongodb@1.0.0~dev: Failed to exec dev script
13 verbose stack Error: sql2mongodb@1.0.0 dev: `nodemon --exec babel-node src/app.js`
13 verbose stack spawn ENOENT
13 verbose stack     at ChildProcess.<anonymous> (/usr/share/npm/lib/utils/spawn.js:17:16)
13 verbose stack     at emitTwo (events.js:87:13)
13 verbose stack     at ChildProcess.emit (events.js:172:7)
13 verbose stack     at maybeClose (internal/child_process.js:821:16)
13 verbose stack     at Process.ChildProcess._handle.onexit (internal/child_process.js:211:5)
14 verbose pkgid sql2mongodb@1.0.0
15 verbose cwd /root/sql2mongodb-api
16 error Linux 4.4.0-62-generic
17 error argv "/usr/bin/nodejs" "/usr/bin/npm" "run" "dev"
18 error node v4.2.6
19 error npm  v3.5.2
20 error file sh
21 error code ELIFECYCLE
22 error errno ENOENT
23 error syscall spawn
24 error sql2mongodb@1.0.0 dev: `nodemon --exec babel-node src/app.js`
24 error spawn ENOENT
25 error Failed at the sql2mongodb@1.0.0 dev script 'nodemon --exec babel-node src/app.js'.
25 error Make sure you have the latest version of node.js and npm installed.
25 error If you do, this is most likely a problem with the sql2mongodb package,
25 error not with npm itself.
25 error Tell the author that this fails on your system:
25 error     nodemon --exec babel-node src/app.js
25 error You can get information on how to open an issue for this project with:
25 error     npm bugs sql2mongodb
25 error Or if that isn't available, you can get their info via:
25 error     npm owner ls sql2mongodb
25 error There is likely additional logging output above.
26 verbose exit [ 1, true ]
