DongTrieu1
DongTrieu1
DongTrieu1
DongTrieu1
DongTrieu1
DongTrieu1
DongTrieu1
MD1CEMSLoHoi1A
MD1CEMSLoHoi1A
MD1CEMSLoHoi1A
DongTrieu2
MD1CEMSLoHoi1A
DongTrieu2
MD1CEMSLoHoi1B
MD1Tramnuoctuanhoan
MD1NTCongNghiep
MD2Khoithai1
MD1NTlammat
MD1CEMSLoHoi2B
MD1NTSinhhoat
MD2Khoithai2
MD2Nuocthai
MD2Xithai
MD1CEMSLoHoi2A
CONGTONMPM1
CONGTONMPM2_1
CONGTONMPM4
CONGTONMPM_21MR
CONGTONMPM1
NUOCTHAINMPM2_1
NUOCTHAINMPM2_1MR
TRAMXA
NUOCTHAINMPM4
NUOCTHAINMPM1
CONGTONMPM_21MR
NUOCTHAINMPM2_1MR
CONGTONMPM4
CONGTONMPM2_1
CONGTONMPM_21MR
NUOCTHAINMPM1
CONGTONMPM1
NT_NMXLNT_CauNga
NT_NMXLNTHoTay
NT_NMXLNTHoTay
NT_NMXLNTKimLien
NT_NMXLNTTrucBach
NT_NMXLNTYenSo
NT_MinhDuc
NT_Urenco
NT_KCNThangLong
NT_MeiKoThachThat
NT_VinNuocNgam_BBOI
NT_VinNuocNgam_TCAT
NT_VinNuocNgam_HUDU
NT_VinNuocNgam_NGQU
KK_CCBVMT
KK_CCBVMT
KK_CCBVMT
KK_CCBVMT
KK_HangDau
KK_CCBVMT
KK_CCBVMT
KK_CCBVMT
KK_CCBVMT
KK_CCBVMT
KK_CCBVMT
KK_CCBVMT
KK_CCBVMT
KK_CCBVMT
KK_CCBVMT
KK_CCBVMT
KK_CCBVMT
KK_CCBVMT
KK_CCBVMT
KK_CCBVMT
KK_CCBVMT
KK_CCBVMT
KK_CCBVMT
KK_CCBVMT
KK_CCBVMT
KK_CCBVMT
KK_CCBVMT
KK_CCBVMT
KK_CCBVMT
KK_CCBVMT
KK_CCBVMT
KK_CCBVMT
KK_CCBVMT
KK_CCBVMT
KK_CCBVMT
KK_CCBVMT
KK_CCBVMT
KK_HangDau
KK_HoanKiem
NT_BENHVIENCHORAY
NT_BENHVIEN115
BenhVienNhiDong1
BVNDTP
BVTD
NT_BIASGCUCHI
NT_BIASGBT
ChungCuHimLam_Q6
ChungCuHimLam_Q7
NT_COCATHUDUC
NT_COCATHUDUC
T5
T5
T6
T7
NT_KCNCOKHIOTO
NT_KCNDONGNAM
T8
T9
T9
CongtyDetMayThanhCong
NT_VINHOME
NT_VINHOME
HCM_DetMayBinhAn
PepsicoSG
NT_DETMAYTHAITUAN
NT_DETMAYTHAITUAN
NT_ERATOWN
GAMUDALAND
GAMUDALAND
KCNHiepPhuoc
ThaoDien_CT12
ThaoDien_CT3
ThaoDien_CT4
VWS01
VWS02
BiaHeineken
HCM_BiaSGNguyenChiThanh
NMTanHiep
NT_VINAMILK
ThienNienKy
TongCty28
NT_PhongPhu
HCM_KIMC_NUOKC1
HCM_VNSH_NOUSH1
VINHOME2
SongThan1
SongThan2
T10
T2
T11
T14
T13
T16
T15
T3
T4
T1
T12
DauCaiLan
KT_XMCATLAI
XMHLNB
KT_XMCATLAI
XMHLNB
KT_XMHaTien1PhuHuu
NT_SiamVietnam
KT_XMChinfon_NghienClinker
NuocThai
NTKCNHoaKhanh
NTKCNHoaKhanh
