Info:  DongTrieu1 Pages: 5 - TOTAL RECORD: 200754 - TIMES: 2423ms
Info:  DongTrieu1 Pages: 1 - TOTAL RECORD: 200754 - TIMES: 84945ms
Info:  DongTrieu1 Pages: 1 - TOTAL RECORD: 200754 - TIMES: 83480ms
Info:  DongTrieu1 Pages: 1 - TOTAL RECORD: 200754 - TIMES: 98381ms
Info:  DongTrieu1 Pages: 1 - TOTAL RECORD: 200754 - TIMES: 89927ms
Info:  DongTrieu1 Pages: 1 - TOTAL RECORD: 200754 - TIMES: 85182ms
Info:  DongTrieu1 Pages: 1 - TOTAL RECORD: 200754 - TIMES: 86814ms
Info:  MD1CEMSLoHoi1A Pages: 5 - TOTAL RECORD: 907925 - TIMES: 22085ms
Info:  MD1CEMSLoHoi1A Pages: 5 - TOTAL RECORD: 907925 - TIMES: 10254ms
Info:  MD1CEMSLoHoi1A Pages: 1 - TOTAL RECORD: 167528 - TIMES: 84799ms
Info:  DongTrieu2 Pages: 1 - TOTAL RECORD: 35351 - TIMES: 16654ms
Info:  MD1CEMSLoHoi1A Pages: 1 - TOTAL RECORD: 41990 - TIMES: 227799ms
Info:  DongTrieu2 Pages: 1 - TOTAL RECORD: 8703 - TIMES: 28647ms
Info:  MD1CEMSLoHoi1B Pages: 1 - TOTAL RECORD: 36814 - TIMES: 17549ms
Info:  MD1Tramnuoctuanhoan Pages: 1 - TOTAL RECORD: 38008 - TIMES: 20812ms
Info:  MD1NTCongNghiep Pages: 1 - TOTAL RECORD: 45160 - TIMES: 15174ms
Info:  MD2Khoithai1 Pages: 1 - TOTAL RECORD: 41950 - TIMES: 18465ms
Info:  MD1NTlammat Pages: 1 - TOTAL RECORD: 45162 - TIMES: 17385ms
Info:  MD1CEMSLoHoi2B Pages: 1 - TOTAL RECORD: 37356 - TIMES: 13432ms
Info:  MD1NTSinhhoat Pages: 1 - TOTAL RECORD: 8717 - TIMES: 3121ms
Info:  MD2Khoithai2 Pages: 1 - TOTAL RECORD: 42251 - TIMES: 15055ms
Info:  MD2Nuocthai Pages: 1 - TOTAL RECORD: 7687 - TIMES: 3251ms
Info:  MD2Xithai Pages: 1 - TOTAL RECORD: 43351 - TIMES: 13079ms
Info:  MD1CEMSLoHoi2A Pages: 1 - TOTAL RECORD: 42834 - TIMES: 16436ms
Info:  CONGTONMPM1 Pages: 1 - TOTAL RECORD: 4995 - TIMES: 7313ms
Info:  CONGTONMPM2_1 Pages: 1 - TOTAL RECORD: 5100 - TIMES: 5842ms
Info:  CONGTONMPM4 Pages: 1 - TOTAL RECORD: 5352 - TIMES: 7035ms
Info:  CONGTONMPM_21MR Pages: 1 - TOTAL RECORD: 5122 - TIMES: 4246ms
Info:  CONGTONMPM1 Pages: 1 - TOTAL RECORD: 4995 - TIMES: 5419ms
Info:  NUOCTHAINMPM2_1 Pages: 1 - TOTAL RECORD: 4940 - TIMES: 10148ms
Info:  NUOCTHAINMPM2_1MR Pages: 1 - TOTAL RECORD: 5110 - TIMES: 9943ms
Info:  TRAMXA Pages: 1 - TOTAL RECORD: 5107 - TIMES: 5135ms
Info:  NUOCTHAINMPM4 Pages: 1 - TOTAL RECORD: 5104 - TIMES: 10911ms
Info:  NUOCTHAINMPM1 Pages: 1 - TOTAL RECORD: 5208 - TIMES: 11685ms
Info:  CONGTONMPM_21MR Pages: 1 - TOTAL RECORD: 5122 - TIMES: 7024ms
Info:  NUOCTHAINMPM2_1MR Pages: 1 - TOTAL RECORD: 1 - TIMES: 438ms
Info:  CONGTONMPM4 Pages: 1 - TOTAL RECORD: 1 - TIMES: 2443ms
Info:  CONGTONMPM2_1 Pages: 1 - TOTAL RECORD: 2 - TIMES: 607ms
Info:  CONGTONMPM_21MR Pages: 1 - TOTAL RECORD: 2 - TIMES: 792ms
Info:  NUOCTHAINMPM1 Pages: 1 - TOTAL RECORD: 2 - TIMES: 2265ms
Info:  CONGTONMPM1 Pages: 1 - TOTAL RECORD: 2 - TIMES: 1581ms
Info:  NT_NMXLNT_CauNga Pages: 1 - TOTAL RECORD: 14737 - TIMES: 3786ms
Info:  NT_NMXLNTHoTay Pages: 1 - TOTAL RECORD: 14775 - TIMES: 4427ms
Info:  NT_NMXLNTHoTay Pages: 1 - TOTAL RECORD: 14775 - TIMES: 4047ms
Info:  NT_NMXLNTKimLien Pages: 1 - TOTAL RECORD: 16826 - TIMES: 4361ms
Info:  NT_NMXLNTTrucBach Pages: 1 - TOTAL RECORD: 16905 - TIMES: 4291ms
Info:  NT_NMXLNTYenSo Pages: 1 - TOTAL RECORD: 14632 - TIMES: 4532ms
Info:  NT_MinhDuc Pages: 1 - TOTAL RECORD: 2047 - TIMES: 964ms
Info:  NT_Urenco Pages: 1 - TOTAL RECORD: 253 - TIMES: 238ms
Info:  NT_KCNThangLong Pages: 1 - TOTAL RECORD: 16976 - TIMES: 4327ms
Info:  NT_MeiKoThachThat Pages: 1 - TOTAL RECORD: 16974 - TIMES: 4965ms
Info:  NT_VinNuocNgam_BBOI Pages: 1 - TOTAL RECORD: 7756 - TIMES: 1689ms
Info:  NT_VinNuocNgam_TCAT Pages: 1 - TOTAL RECORD: 7756 - TIMES: 1686ms
Info:  NT_VinNuocNgam_HUDU Pages: 1 - TOTAL RECORD: 7768 - TIMES: 1779ms
Info:  NT_VinNuocNgam_NGQU Pages: 1 - TOTAL RECORD: 7768 - TIMES: 1741ms
Info:  KK_CCBVMT Pages: 1 - TOTAL RECORD: 1422 - TIMES: 749ms
Info:  KK_CCBVMT Pages: 1 - TOTAL RECORD: 1430 - TIMES: 748ms
Info:  KK_CCBVMT Pages: 1 - TOTAL RECORD: 1430 - TIMES: 743ms
Info:  KK_CCBVMT Pages: 1 - TOTAL RECORD: 1430 - TIMES: 729ms
Info:  KK_HangDau Pages: 1 - TOTAL RECORD: 1430 - TIMES: 570ms
Info:  KK_CCBVMT Pages: 1 - TOTAL RECORD: 1430 - TIMES: 732ms
Info:  KK_CCBVMT Pages: 1 - TOTAL RECORD: 1430 - TIMES: 707ms
Info:  KK_CCBVMT Pages: 1 - TOTAL RECORD: 1430 - TIMES: 715ms
Info:  KK_CCBVMT Pages: 1 - TOTAL RECORD: 1430 - TIMES: 726ms
Info:  KK_CCBVMT Pages: 1 - TOTAL RECORD: 1430 - TIMES: 700ms
Info:  KK_CCBVMT Pages: 1 - TOTAL RECORD: 1430 - TIMES: 706ms
Info:  KK_CCBVMT Pages: 1 - TOTAL RECORD: 1430 - TIMES: 721ms
Info:  KK_CCBVMT Pages: 1 - TOTAL RECORD: 1430 - TIMES: 719ms
Info:  KK_CCBVMT Pages: 1 - TOTAL RECORD: 1430 - TIMES: 711ms
Info:  KK_CCBVMT Pages: 1 - TOTAL RECORD: 1430 - TIMES: 702ms
Info:  KK_CCBVMT Pages: 1 - TOTAL RECORD: 1430 - TIMES: 745ms
Info:  KK_CCBVMT Pages: 1 - TOTAL RECORD: 1430 - TIMES: 701ms
Info:  KK_CCBVMT Pages: 1 - TOTAL RECORD: 1430 - TIMES: 729ms
Info:  KK_CCBVMT Pages: 1 - TOTAL RECORD: 1430 - TIMES: 721ms
Info:  KK_CCBVMT Pages: 1 - TOTAL RECORD: 1430 - TIMES: 707ms
Info:  KK_CCBVMT Pages: 1 - TOTAL RECORD: 1446 - TIMES: 731ms
Info:  KK_CCBVMT Pages: 1 - TOTAL RECORD: 1446 - TIMES: 817ms
Info:  KK_CCBVMT Pages: 1 - TOTAL RECORD: 1446 - TIMES: 880ms
Info:  KK_CCBVMT Pages: 1 - TOTAL RECORD: 1446 - TIMES: 1165ms
Info:  KK_CCBVMT Pages: 1 - TOTAL RECORD: 1446 - TIMES: 2482ms
Info:  KK_CCBVMT Pages: 1 - TOTAL RECORD: 1446 - TIMES: 7959ms
Info:  KK_CCBVMT Pages: 1 - TOTAL RECORD: 1446 - TIMES: 12384ms
Info:  KK_CCBVMT Pages: 1 - TOTAL RECORD: 1446 - TIMES: 21445ms
Info:  KK_CCBVMT Pages: 1 - TOTAL RECORD: 1446 - TIMES: 14557ms
Info:  KK_CCBVMT Pages: 1 - TOTAL RECORD: 1446 - TIMES: 9932ms
Info:  KK_CCBVMT Pages: 1 - TOTAL RECORD: 1446 - TIMES: 16389ms
Info:  KK_CCBVMT Pages: 1 - TOTAL RECORD: 1446 - TIMES: 10946ms
Info:  KK_CCBVMT Pages: 1 - TOTAL RECORD: 1446 - TIMES: 12808ms
Info:  KK_CCBVMT Pages: 1 - TOTAL RECORD: 1446 - TIMES: 11959ms
Info:  KK_CCBVMT Pages: 1 - TOTAL RECORD: 1446 - TIMES: 10383ms
Info:  KK_CCBVMT Pages: 1 - TOTAL RECORD: 1446 - TIMES: 10347ms
Info:  KK_CCBVMT Pages: 1 - TOTAL RECORD: 1472 - TIMES: 10022ms
Info:  KK_HangDau Pages: 1 - TOTAL RECORD: 1472 - TIMES: 2451ms
Info:  KK_HoanKiem Pages: 1 - TOTAL RECORD: 16726 - TIMES: 68334ms
Info:  NT_BENHVIENCHORAY Pages: 1 - TOTAL RECORD: 51019 - TIMES: 52023ms
Info:  NT_BENHVIEN115 Pages: 1 - TOTAL RECORD: 54857 - TIMES: 68097ms
Info:  BenhVienNhiDong1 Pages: 4 - TOTAL RECORD: 349506 - TIMES: 7223ms
Info:  BVNDTP Pages: 1 - TOTAL RECORD: 88082 - TIMES: 129363ms
Info:  BVTD Pages: 1 - TOTAL RECORD: 76738 - TIMES: 139455ms
Info:  NT_BIASGCUCHI Pages: 1 - TOTAL RECORD: 33497 - TIMES: 60046ms
Info:  NT_BIASGBT Pages: 1 - TOTAL RECORD: 59746 - TIMES: 198499ms
Info:  ChungCuHimLam_Q6 Pages: 2 - TOTAL RECORD: 125310 - TIMES: 6325ms
Info:  ChungCuHimLam_Q7 Pages: 1 - TOTAL RECORD: 62843 - TIMES: 113951ms
Info:  NT_COCATHUDUC Pages: 1 - TOTAL RECORD: 25087 - TIMES: 440898ms
Info:  NT_COCATHUDUC Pages: 1 - TOTAL RECORD: 25089 - TIMES: 54840ms
Info:  T5 Pages: 4 - TOTAL RECORD: 333553 - TIMES: 4756ms
Info:  T5 Pages: 4 - TOTAL RECORD: 333553 - TIMES: 4937ms
Info:  T6 Pages: 4 - TOTAL RECORD: 387318 - TIMES: 5570ms
Info:  T7 Pages: 2 - TOTAL RECORD: 187594 - TIMES: 2928ms
Info:  NT_KCNCOKHIOTO Pages: 1 - TOTAL RECORD: 73500 - TIMES: 129020ms
Info:  NT_KCNDONGNAM Pages: 1 - TOTAL RECORD: 73436 - TIMES: 150618ms
Info:  T8 Pages: 4 - TOTAL RECORD: 315477 - TIMES: 4521ms
Info:  T9 Pages: 4 - TOTAL RECORD: 391376 - TIMES: 5961ms
Info:  T9 Pages: 4 - TOTAL RECORD: 391379 - TIMES: 5592ms
Info:  CongtyDetMayThanhCong Pages: 1 - TOTAL RECORD: 28807 - TIMES: 54614ms
Info:  NT_VINHOME Pages: 2 - TOTAL RECORD: 158229 - TIMES: 2788ms
Info:  NT_VINHOME Pages: 2 - TOTAL RECORD: 158233 - TIMES: 4799ms
Info:  HCM_DetMayBinhAn Pages: 2 - TOTAL RECORD: 137908 - TIMES: 2542ms
Info:  PepsicoSG Pages: 1 - TOTAL RECORD: 15238 - TIMES: 33896ms
Info:  NT_DETMAYTHAITUAN Pages: 1 - TOTAL RECORD: 29994 - TIMES: 77064ms
Info:  NT_DETMAYTHAITUAN Pages: 1 - TOTAL RECORD: 29996 - TIMES: 53008ms
Info:  NT_ERATOWN Pages: 1 - TOTAL RECORD: 59834 - TIMES: 124214ms
Info:  GAMUDALAND Pages: 6 - TOTAL RECORD: 560821 - TIMES: 9146ms
Info:  GAMUDALAND Pages: 6 - TOTAL RECORD: 560838 - TIMES: 7519ms
Info:  KCNHiepPhuoc Pages: 1 - TOTAL RECORD: 6309 - TIMES: 6388ms
Info:  ThaoDien_CT12 Pages: 1 - TOTAL RECORD: 36633 - TIMES: 42230ms
Info:  ThaoDien_CT3 Pages: 1 - TOTAL RECORD: 42167 - TIMES: 46510ms
Info:  ThaoDien_CT4 Pages: 1 - TOTAL RECORD: 41768 - TIMES: 57140ms
Info:  VWS01 Pages: 1 - TOTAL RECORD: 0 - TIMES: 75ms
Info:  VWS02 Pages: 1 - TOTAL RECORD: 70250 - TIMES: 117188ms
Info:  BiaHeineken Pages: 1 - TOTAL RECORD: 0 - TIMES: 56ms
Info:  HCM_BiaSGNguyenChiThanh Pages: 2 - TOTAL RECORD: 178176 - TIMES: 3141ms
Info:  NMTanHiep Pages: 1 - TOTAL RECORD: 91374 - TIMES: 151383ms
Info:  NT_VINAMILK Pages: 2 - TOTAL RECORD: 126931 - TIMES: 2384ms
Info:  ThienNienKy Pages: 1 - TOTAL RECORD: 8001 - TIMES: 14571ms
Info:  TongCty28 Pages: 2 - TOTAL RECORD: 152702 - TIMES: 2723ms
Info:  NT_PhongPhu Pages: 1 - TOTAL RECORD: 73592 - TIMES: 177326ms
Info:  HCM_KIMC_NUOKC1 Pages: 1 - TOTAL RECORD: 52991 - TIMES: 97729ms
Info:  HCM_VNSH_NOUSH1 Pages: 1 - TOTAL RECORD: 11689 - TIMES: 28198ms
Info:  VINHOME2 Pages: 1 - TOTAL RECORD: 79733 - TIMES: 197987ms
Info:  SongThan1 Pages: 1 - TOTAL RECORD: 47623 - TIMES: 117669ms
Info:  SongThan2 Pages: 1 - TOTAL RECORD: 54977 - TIMES: 95851ms
Info:  T10 Pages: 4 - TOTAL RECORD: 398403 - TIMES: 8090ms
Info:  T2 Pages: 4 - TOTAL RECORD: 399171 - TIMES: 5987ms
Info:  T11 Pages: 4 - TOTAL RECORD: 385355 - TIMES: 5883ms
Info:  T14 Pages: 4 - TOTAL RECORD: 362635 - TIMES: 4867ms
Info:  T13 Pages: 4 - TOTAL RECORD: 372163 - TIMES: 5657ms
Info:  T16 Pages: 2 - TOTAL RECORD: 171481 - TIMES: 2784ms
Info:  T15 Pages: 4 - TOTAL RECORD: 387669 - TIMES: 5500ms
Info:  T3 Pages: 4 - TOTAL RECORD: 342099 - TIMES: 4909ms
Info:  T4 Pages: 4 - TOTAL RECORD: 378145 - TIMES: 12274ms
Info:  T1 Pages: 4 - TOTAL RECORD: 349990 - TIMES: 5224ms
Info:  T12 Pages: 4 - TOTAL RECORD: 387255 - TIMES: 6722ms
Info:  DauCaiLan Pages: 1 - TOTAL RECORD: 15225 - TIMES: 49832ms
Info:  KT_XMCATLAI Pages: 1 - TOTAL RECORD: 33582 - TIMES: 50405ms
Info:  XMHLNB Pages: 1 - TOTAL RECORD: 1439 - TIMES: 2400ms
Info:  KT_XMCATLAI Pages: 1 - TOTAL RECORD: 33584 - TIMES: 114343ms
Info:  XMHLNB Pages: 1 - TOTAL RECORD: 1441 - TIMES: 2374ms
Info:  KT_XMHaTien1PhuHuu Pages: 1 - TOTAL RECORD: 39491 - TIMES: 79670ms
Info:  NT_SiamVietnam Pages: 1 - TOTAL RECORD: 58865 - TIMES: 180994ms
Info:  KT_XMChinfon_NghienClinker Pages: 1 - TOTAL RECORD: 22035 - TIMES: 29973ms
Info:  NuocThai Pages: 7 - TOTAL RECORD: 619518 - TIMES: 4450ms
Info:  NTKCNHoaKhanh Pages: 7 - TOTAL RECORD: 635629 - TIMES: 4050ms
Info:  NTKCNHoaKhanh Pages: 7 - TOTAL RECORD: 635629 - TIMES: 3896ms
